0 info it worked if it ends with ok
1 verbose cli [ '/usr/local/Cellar/node/5.5.0/bin/node',
1 verbose cli   '/usr/local/bin/npm',
1 verbose cli   'run',
1 verbose cli   'start' ]
2 info using npm@3.10.3
3 info using node@v6.4.0
4 verbose run-script [ 'prestart', 'start', 'poststart' ]
5 info lifecycle pie_test@1.0.0~prestart: pie_test@1.0.0
6 silly lifecycle pie_test@1.0.0~prestart: no script for prestart, continuing
7 info lifecycle pie_test@1.0.0~start: pie_test@1.0.0
8 verbose lifecycle pie_test@1.0.0~start: unsafe-perm in lifecycle true
9 verbose lifecycle pie_test@1.0.0~start: PATH: /usr/local/lib/node_modules/npm/bin/node-gyp-bin:/Users/brianzindler/Code/pie_test/node_modules/.bin:/usr/local/Cellar/node/5.5.0/bin:/Library/Frameworks/Python.framework/Versions/3.4/bin:/Library/Frameworks/Python.framework/Versions/3.4/bin:/usr/local/heroku/bin:/bin:/usr/local/bin:/usr/local/sbin:/usr/bin:/bin:/usr/sbin:/sbin:/opt/X11/bin:/usr/local/git/bin:/Users/brianzindler/bin
10 verbose lifecycle pie_test@1.0.0~start: CWD: /Users/brianzindler/Code/pie_test
11 silly lifecycle pie_test@1.0.0~start: Args: [ '-c', 'cd server && node ./bin/start.js && cd ..' ]
12 silly lifecycle pie_test@1.0.0~start: Returned: code: 1  signal: null
13 info lifecycle pie_test@1.0.0~start: Failed to exec start script
14 verbose stack Error: pie_test@1.0.0 start: `cd server && node ./bin/start.js && cd ..`
14 verbose stack Exit status 1
14 verbose stack     at EventEmitter.<anonymous> (/usr/local/lib/node_modules/npm/lib/utils/lifecycle.js:242:16)
14 verbose stack     at emitTwo (events.js:106:13)
14 verbose stack     at EventEmitter.emit (events.js:191:7)
14 verbose stack     at ChildProcess.<anonymous> (/usr/local/lib/node_modules/npm/lib/utils/spawn.js:40:14)
14 verbose stack     at emitTwo (events.js:106:13)
14 verbose stack     at ChildProcess.emit (events.js:191:7)
14 verbose stack     at maybeClose (internal/child_process.js:852:16)
14 verbose stack     at Process.ChildProcess._handle.onexit (internal/child_process.js:215:5)
15 verbose pkgid pie_test@1.0.0
16 verbose cwd /Users/brianzindler/Code/pie_test
17 error Darwin 15.6.0
18 error argv "/usr/local/Cellar/node/5.5.0/bin/node" "/usr/local/bin/npm" "run" "start"
19 error node v6.4.0
20 error npm  v3.10.3
21 error code ELIFECYCLE
22 error pie_test@1.0.0 start: `cd server && node ./bin/start.js && cd ..`
22 error Exit status 1
23 error Failed at the pie_test@1.0.0 start script 'cd server && node ./bin/start.js && cd ..'.
23 error Make sure you have the latest version of node.js and npm installed.
23 error If you do, this is most likely a problem with the pie_test package,
23 error not with npm itself.
23 error Tell the author that this fails on your system:
23 error     cd server && node ./bin/start.js && cd ..
23 error You can get information on how to open an issue for this project with:
23 error     npm bugs pie_test
23 error Or if that isn't available, you can get their info via:
23 error     npm owner ls pie_test
23 error There is likely additional logging output above.
24 verbose exit [ 1, true ]
